#
# A fatal error has been detected by the Java Runtime Environment:
#
#  SIGSEGV (0xb) at pc=0xac969d71, pid=23289, tid=3075897024
#
# JRE version: 6.0_27-b27
# Java VM: OpenJDK Client VM (20.0-b12 mixed mode, sharing linux-x86 )
# Derivative: IcedTea6 1.12.1
# Distribution: Ubuntu 12.04 LTS, package 6b27-1.12.1-2ubuntu0.12.04.2
# Problematic frame:
# C  [libwebkitgtk-1.0.so.0+0x19ed71]  webkitWebViewRegisterForIconNotification+0xe1
#
# If you would like to submit a bug report, please include
# instructions how to reproduce the bug and visit:
#   https://bugs.launchpad.net/ubuntu/+source/openjdk-6/
# The crash happened outside the Java Virtual Machine in native code.
# See problematic frame for where to report the bug.
#

---------------  T H R E A D  ---------------

Current thread (0x09ef0400):  JavaThread "main" [_thread_in_native, id=23289, stack(0xbfd14000,0xbfd64000)]

siginfo:si_signo=SIGSEGV: si_errno=0, si_code=1 (SEGV_MAPERR), si_addr=0x2cb1acef

Registers:
EAX=0x00000000, EBX=0xadd2dff4, ECX=0x00000003, EDX=0x2cb1acef
ESP=0xbfd61bcc, EBP=0x09ebe988, ESI=0x0a0e3800, EDI=0x00000001
EIP=0xac969d71, EFLAGS=0x00010202, CR2=0x2cb1acef

Top of Stack: (sp=0xbfd61bcc)
0xbfd61bcc:   ac94007a 0a53a1f8 00000050 00000000
0xbfd61bdc:   b7720cbf add2dff4 09e97d78 00000001
0xbfd61bec:   ac94010b 0a0e3800 00000000 09ebe988
0xbfd61bfc:   b7721c39 00000050 ac9400f6 b7301ff4
0xbfd61c0c:   b7251a7f 0a0e3800 09e97d78 00000001
0xbfd61c1c:   b7290410 09e867f8 00000000 b77259f2
0xbfd61c2c:   b7301ff4 09e97d78 00000001 09ebe988
0xbfd61c3c:   b7250d86 09e97d78 ac9400f0 0a0e3800 

Instructions: (pc=0xac969d71)
0xac969d51:   eb 8a 8d b6 00 00 00 00 8d bc 27 00 00 00 00 8b
0xac969d61:   44 24 04 85 c0 74 10 8b 50 44 31 c0 85 d2 74 0f
0xac969d71:   8b 02 c3 8d 74 26 00 31 c0 8d b6 00 00 00 00 f3
0xac969d81:   c3 8d b4 26 00 00 00 00 8d bc 27 00 00 00 00 56 

Register to memory mapping:

EAX=0x00000000 is an unknown value
EBX=0xadd2dff4: <offset 0x1562ff4> in /usr/lib/libwebkitgtk-1.0.so.0 at 0xac7cb000
ECX=0x00000003 is an unknown value
EDX=0x2cb1acef is an unknown value
ESP=0xbfd61bcc is pointing into the stack for thread: 0x09ef0400
EBP=0x09ebe988 is an unknown value
ESI=0x0a0e3800 is an unknown value
EDI=0x00000001 is an unknown value


Stack: [0xbfd14000,0xbfd64000],  sp=0xbfd61bcc,  free space=310k
Native frames: (J=compiled Java code, j=interpreted, Vv=VM code, C=native code)
C  [libwebkitgtk-1.0.so.0+0x19ed71]  webkitWebViewRegisterForIconNotification+0xe1

Java frames: (J=compiled Java code, j=interpreted, Vv=VM code)
J  org.eclipse.swt.internal.gtk.OS._g_main_context_iteration(IZ)Z
J  org.eclipse.swt.internal.gtk.OS.g_main_context_iteration(IZ)Z
j  org.eclipse.swt.widgets.Display.readAndDispatch()Z+36
j  org.eclipse.ui.internal.Workbench.runEventLoop(Lorg/eclipse/jface/window/Window$IExceptionHandler;Lorg/eclipse/swt/widgets/Display;)V+9
j  org.eclipse.ui.internal.Workbench.runUI()I+555
j  org.eclipse.ui.internal.Workbench.access$4(Lorg/eclipse/ui/internal/Workbench;)I+1
j  org.eclipse.ui.internal.Workbench$7.run()V+73
j  org.eclipse.core.databinding.observable.Realm.runWithDefault(Lorg/eclipse/core/databinding/observable/Realm;Ljava/lang/Runnable;)V+12
j  org.eclipse.ui.internal.Workbench.createAndRunWorkbench(Lorg/eclipse/swt/widgets/Display;Lorg/eclipse/ui/application/WorkbenchAdvisor;)I+18
j  org.eclipse.ui.PlatformUI.createAndRunWorkbench(Lorg/eclipse/swt/widgets/Display;Lorg/eclipse/ui/application/WorkbenchAdvisor;)I+2
j  org.eclipse.ui.internal.ide.application.IDEApplication.start(Lorg/eclipse/equinox/app/IApplicationContext;)Ljava/lang/Object;+108
j  org.eclipse.equinox.internal.app.EclipseAppHandle.run(Ljava/lang/Object;)Ljava/lang/Object;+135
j  org.eclipse.core.runtime.internal.adaptor.EclipseAppLauncher.runApplication(Ljava/lang/Object;)Ljava/lang/Object;+103
j  org.eclipse.core.runtime.internal.adaptor.EclipseAppLauncher.start(Ljava/lang/Object;)Ljava/lang/Object;+29
j  org.eclipse.core.runtime.adaptor.EclipseStarter.run(Ljava/lang/Object;)Ljava/lang/Object;+149
j  org.eclipse.core.runtime.adaptor.EclipseStarter.run([Ljava/lang/String;Ljava/lang/Runnable;)Ljava/lang/Object;+183
v  ~StubRoutines::call_stub
j  sun.reflect.NativeMethodAccessorImpl.invoke0(Ljava/lang/reflect/Method;Ljava/lang/Object;[Ljava/lang/Object;)Ljava/lang/Object;+0
j  sun.reflect.NativeMethodAccessorImpl.invoke(Ljava/lang/Object;[Ljava/lang/Object;)Ljava/lang/Object;+87
j  sun.reflect.DelegatingMethodAccessorImpl.invoke(Ljava/lang/Object;[Ljava/lang/Object;)Ljava/lang/Object;+6
j  java.lang.reflect.Method.invoke(Ljava/lang/Object;[Ljava/lang/Object;)Ljava/lang/Object;+161
j  org.eclipse.equinox.launcher.Main.invokeFramework([Ljava/lang/String;[Ljava/net/URL;)V+211
j  org.eclipse.equinox.launcher.Main.basicRun([Ljava/lang/String;)V+126
j  org.eclipse.equinox.launcher.Main.run([Ljava/lang/String;)I+4
v  ~StubRoutines::call_stub

---------------  P R O C E S S  ---------------

Java Threads: ( => current thread )
  0xb5034800 JavaThread "Worker-5" [_thread_blocked, id=23389, stack(0xa978e000,0xa97df000)]
  0xb5031400 JavaThread "Worker-4" [_thread_blocked, id=23388, stack(0xa97df000,0xa9830000)]
  0xb5033400 JavaThread "Worker-3" [_thread_blocked, id=23387, stack(0xa9830000,0xa9881000)]
  0xb5040000 JavaThread "Worker-2" [_thread_blocked, id=23386, stack(0xae069000,0xae0ba000)]
  0xb5030c00 JavaThread "Worker-1" [_thread_blocked, id=23385, stack(0xae0db000,0xae12c000)]
  0x0a425400 JavaThread "Java indexing" daemon [_thread_blocked, id=23381, stack(0xadde2000,0xade33000)]
  0x0a2a4400 JavaThread "Worker-0" [_thread_blocked, id=23378, stack(0xb1c22000,0xb1c73000)]
  0x09fd9400 JavaThread "Worker-JM" [_thread_blocked, id=23368, stack(0xb1b7b000,0xb1bcc000)]
  0x09f5ec00 JavaThread "[Timer] - Main Queue Handler" daemon [_thread_blocked, id=23367, stack(0xb1bd1000,0xb1c22000)]
  0x09f43800 JavaThread "Framework Event Dispatcher" daemon [_thread_blocked, id=23365, stack(0xb1c76000,0xb1cc7000)]
  0x09f84c00 JavaThread "Start Level Event Dispatcher" daemon [_thread_blocked, id=23364, stack(0xb1cc7000,0xb1d18000)]
  0x09f4a000 JavaThread "State Data Manager" daemon [_thread_blocked, id=23363, stack(0xb1d18000,0xb1d69000)]
  0x09f68400 JavaThread "Framework Active Thread" [_thread_blocked, id=23362, stack(0xb1d69000,0xb1dba000)]
  0x09f2a000 JavaThread "Low Memory Detector" daemon [_thread_blocked, id=23360, stack(0xb1e3b000,0xb1e8c000)]
  0x09f28400 JavaThread "C1 CompilerThread0" daemon [_thread_blocked, id=23359, stack(0xb1e8c000,0xb1f0d000)]
  0x09f26800 JavaThread "Signal Dispatcher" daemon [_thread_blocked, id=23358, stack(0xb1f0d000,0xb1f5e000)]
  0x09f1fc00 JavaThread "Finalizer" daemon [_thread_blocked, id=23357, stack(0xb1f5e000,0xb1faf000)]
  0x09f1e400 JavaThread "Reference Handler" daemon [_thread_blocked, id=23356, stack(0xb1faf000,0xb2000000)]
=>0x09ef0400 JavaThread "main" [_thread_in_native, id=23289, stack(0xbfd14000,0xbfd64000)]

Other Threads:
  0x09f1c800 VMThread [stack: 0xb213b000,0xb21bc000] [id=23355]
  0x09f2c800 WatcherThread [stack: 0xb1dba000,0xb1e3b000] [id=23361]

VM state:not at safepoint (normal execution)

VM Mutex/Monitor currently owned by a thread: None

Heap
 def new generation   total 12352K, used 10899K [0x6aa20000, 0x6b780000, 0x72a20000)
  eden space 11008K,  99% used [0x6aa20000, 0x6b4c4ff8, 0x6b4e0000)
  from space 1344K,   0% used [0x6b4e0000, 0x6b4e0000, 0x6b630000)
  to   space 1344K,   0% used [0x6b630000, 0x6b630000, 0x6b780000)
 tenured generation   total 27328K, used 10292K [0x72a20000, 0x744d0000, 0x82a20000)
   the space 27328K,  37% used [0x72a20000, 0x7342d060, 0x7342d200, 0x744d0000)
 compacting perm gen  total 27648K, used 27398K [0x82a20000, 0x84520000, 0x92a20000)
   the space 27648K,  99% used [0x82a20000, 0x844e1a80, 0x844e1c00, 0x84520000)
    ro space 10240K,  73% used [0x92a20000, 0x93182a98, 0x93182c00, 0x93420000)
    rw space 12288K,  60% used [0x93420000, 0x93b6b040, 0x93b6b200, 0x94020000)

Code Cache  [0xb264f000, 0xb289f000, 0xb464f000)
 total_blobs=1054 nmethods=879 adapters=110 free_code_cache=31149440 largest_free_block=320

Dynamic libraries:
08048000-0804c000 r-xp 00000000 08:01 9971576    /usr/lib/eclipse/eclipse
0804c000-0804d000 r--p 00003000 08:01 9971576    /usr/lib/eclipse/eclipse
0804d000-0804e000 rw-p 00004000 08:01 9971576    /usr/lib/eclipse/eclipse
09e62000-0a5cd000 rw-p 00000000 00:00 0          [heap]
6aa20000-6b780000 rw-p 00000000 00:00 0 
6b780000-72a20000 rw-p 00000000 00:00 0 
72a20000-744d0000 rw-p 00000000 00:00 0 
744d0000-82a20000 rw-p 00000000 00:00 0 
82a20000-84520000 rw-p 00000000 00:00 0 
84520000-92a20000 rw-p 00000000 00:00 0 
92a20000-93183000 r--s 00001000 08:01 11024437   /usr/lib/jvm/java-6-openjdk-i386/jre/lib/i386/client/classes.jsa
93183000-93420000 rw-p 00000000 00:00 0 
93420000-93b6c000 rw-p 00764000 08:01 11024437   /usr/lib/jvm/java-6-openjdk-i386/jre/lib/i386/client/classes.jsa
93b6c000-94020000 rw-p 00000000 00:00 0 
94020000-9411c000 rw-p 00eb0000 08:01 11024437   /usr/lib/jvm/java-6-openjdk-i386/jre/lib/i386/client/classes.jsa
9411c000-94420000 rw-p 00000000 00:00 0 
94420000-94428000 r-xs 00fac000 08:01 11024437   /usr/lib/jvm/java-6-openjdk-i386/jre/lib/i386/client/classes.jsa
94428000-94820000 rw-p 00000000 00:00 0 
a970e000-a976d000 r--p 00000000 08:01 10750926   /usr/share/fonts/truetype/ubuntu-font-family/Ubuntu-RI.ttf
a976d000-a976f000 r--s 00000000 08:01 10367106   /usr/lib/eclipse/plugins/org.eclipse.update.core.linux_3.2.200.dist.jar
a976f000-a9778000 r--s 00086000 08:01 11172411   /usr/share/eclipse/plugins/org.eclipse.update.core_3.2.500.dist.jar
a9778000-a977a000 r--s 00005000 08:01 11172412   /usr/share/eclipse/plugins/org.eclipse.update.scheduler_3.2.300.dist.jar
a977a000-a977d000 r--s 00017000 08:01 10367098   /usr/lib/eclipse/plugins/org.eclipse.equinox.p2.metadata.repository_1.2.0.dist.jar
a977d000-a9781000 r--s 0001a000 08:01 11172360   /usr/share/eclipse/plugins/org.eclipse.equinox.p2.repository_2.1.1.dist.jar
a9781000-a9788000 r--s 00049000 08:01 11172356   /usr/share/eclipse/plugins/org.eclipse.equinox.p2.metadata_2.1.0.dist.jar
a9788000-a978c000 r--s 00028000 08:01 11172353   /usr/share/eclipse/plugins/org.eclipse.equinox.p2.engine_2.1.1.dist.jar
a978c000-a978e000 r--s 0000b000 08:01 11172357   /usr/share/eclipse/plugins/org.eclipse.equinox.p2.operations_2.1.1.dist.jar
a978e000-a9791000 ---p 00000000 00:00 0 
a9791000-a97df000 rw-p 00000000 00:00 0          [stack:23389]
a97df000-a97e2000 ---p 00000000 00:00 0 
a97e2000-a9830000 rw-p 00000000 00:00 0          [stack:23388]
a9830000-a9833000 ---p 00000000 00:00 0 
a9833000-a9881000 rw-p 00000000 00:00 0          [stack:23387]
a9881000-a9883000 r--s 00009000 08:01 11172399   /usr/share/eclipse/plugins/org.eclipse.ui.net_1.2.100.dist.jar
a9883000-a9885000 r--s 00013000 08:01 10754217   /usr/lib/jvm/java-6-openjdk-common/jre/lib/jce.jar
a9885000-a9888000 r--s 00016000 08:01 11172371   /usr/share/eclipse/plugins/org.eclipse.equinox.security_1.1.1.dist.jar
a9888000-a9b42000 rw-p 00000000 00:00 0 
a9b42000-a9b61000 rw-p 00000000 00:00 0 
a9b61000-a9c61000 rw-p 00000000 00:00 0 
a9c61000-a9c62000 rw-p 00000000 00:00 0 
a9c62000-a9c66000 rwxp 00000000 00:00 0 
a9c66000-a9c6c000 r--s 00042000 08:01 11172394   /usr/share/eclipse/plugins/org.eclipse.ui.forms_3.5.101.dist.jar
a9c6c000-a9d45000 rw-p 00000000 00:00 0 
a9d45000-a9d49000 rwxp 00000000 00:00 0 
a9d49000-aa168000 rw-p 00000000 00:00 0 
aa187000-aa188000 ---p 00000000 00:00 0 
aa188000-aa988000 rw-p 00000000 00:00 0          [stack:23384]
aa988000-aa98a000 rw-p 00000000 00:00 0 
aa98a000-aa98e000 r-xp 00000000 08:01 9966969    /usr/lib/i386-linux-gnu/gio/modules/libgiognomeproxy.so
aa98e000-aa98f000 r--p 00003000 08:01 9966969    /usr/lib/i386-linux-gnu/gio/modules/libgiognomeproxy.so
aa98f000-aa990000 rw-p 00004000 08:01 9966969    /usr/lib/i386-linux-gnu/gio/modules/libgiognomeproxy.so
aa990000-aaab1000 rw-p 00000000 00:00 0 
aaab1000-aaab5000 r-xp 00000000 08:01 8127403    /lib/i386-linux-gnu/libuuid.so.1.3.0
aaab5000-aaab6000 r--p 00003000 08:01 8127403    /lib/i386-linux-gnu/libuuid.so.1.3.0
aaab6000-aaab7000 rw-p 00004000 08:01 8127403    /lib/i386-linux-gnu/libuuid.so.1.3.0
aaab7000-aaacd000 r-xp 00000000 08:01 9965972    /usr/lib/i386-linux-gnu/libICE.so.6.3.0
aaacd000-aaace000 r--p 00015000 08:01 9965972    /usr/lib/i386-linux-gnu/libICE.so.6.3.0
aaace000-aaacf000 rw-p 00016000 08:01 9965972    /usr/lib/i386-linux-gnu/libICE.so.6.3.0
aaacf000-aaad1000 rw-p 00000000 00:00 0 
aaad1000-aaad8000 r-xp 00000000 08:01 9966013    /usr/lib/i386-linux-gnu/libSM.so.6.0.1
aaad8000-aaad9000 r--p 00006000 08:01 9966013    /usr/lib/i386-linux-gnu/libSM.so.6.0.1
aaad9000-aaada000 rw-p 00007000 08:01 9966013    /usr/lib/i386-linux-gnu/libSM.so.6.0.1
aaada000-abc49000 r-xp 00000000 08:01 9964425    /usr/lib/libicudata.so.48.1.1
abc49000-abc4a000 r--p 0116e000 08:01 9964425    /usr/lib/libicudata.so.48.1.1
abc4a000-abc4b000 rw-p 0116f000 08:01 9964425    /usr/lib/libicudata.so.48.1.1
abc4b000-abcd6000 r-xp 00000000 08:01 9966447    /usr/lib/i386-linux-gnu/liborc-0.4.so.0.16.0
abcd6000-abcd7000 r--p 0008a000 08:01 9966447    /usr/lib/i386-linux-gnu/liborc-0.4.so.0.16.0
abcd7000-abcdb000 rw-p 0008b000 08:01 9966447    /usr/lib/i386-linux-gnu/liborc-0.4.so.0.16.0
abcdb000-abcff000 r-xp 00000000 08:01 9966164    /usr/lib/i386-linux-gnu/libdbus-glib-1.so.2.2.2
abcff000-abd00000 r--p 00023000 08:01 9966164    /usr/lib/i386-linux-gnu/libdbus-glib-1.so.2.2.2
abd00000-abd01000 rw-p 00024000 08:01 9966164    /usr/lib/i386-linux-gnu/libdbus-glib-1.so.2.2.2
abd01000-abd59000 r-xp 00000000 08:01 9966056    /usr/lib/i386-linux-gnu/libXt.so.6.0.0
abd59000-abd5a000 r--p 00057000 08:01 9966056    /usr/lib/i386-linux-gnu/libXt.so.6.0.0
abd5a000-abd5d000 rw-p 00058000 08:01 9966056    /usr/lib/i386-linux-gnu/libXt.so.6.0.0
abd5d000-abeb3000 r-xp 00000000 08:01 9964439    /usr/lib/libicuuc.so.48.1.1
abeb3000-abebd000 r--p 00155000 08:01 9964439    /usr/lib/libicuuc.so.48.1.1
abebd000-abebe000 rw-p 0015f000 08:01 9964439    /usr/lib/libicuuc.so.48.1.1
abebe000-abec2000 rw-p 00000000 00:00 0 
abec2000-ac090000 r-xp 00000000 08:01 9964427    /usr/lib/libicui18n.so.48.1.1
ac090000-ac091000 ---p 001ce000 08:01 9964427    /usr/lib/libicui18n.so.48.1.1
ac091000-ac097000 r--p 001ce000 08:01 9964427    /usr/lib/libicui18n.so.48.1.1
ac097000-ac098000 rw-p 001d4000 08:01 9964427    /usr/lib/libicui18n.so.48.1.1
ac098000-ac099000 rw-p 00000000 00:00 0 
ac099000-ac13b000 r-xp 00000000 08:01 9966552    /usr/lib/i386-linux-gnu/libsqlite3.so.0.8.6
ac13b000-ac13c000 r--p 000a2000 08:01 9966552    /usr/lib/i386-linux-gnu/libsqlite3.so.0.8.6
ac13c000-ac13d000 rw-p 000a3000 08:01 9966552    /usr/lib/i386-linux-gnu/libsqlite3.so.0.8.6
ac13d000-ac13e000 rw-p 00000000 00:00 0 
ac13e000-ac178000 r-xp 00000000 08:01 9966632    /usr/lib/i386-linux-gnu/libxslt.so.1.1.26
ac178000-ac179000 r--p 0003a000 08:01 9966632    /usr/lib/i386-linux-gnu/libxslt.so.1.1.26
ac179000-ac17a000 rw-p 0003b000 08:01 9966632    /usr/lib/i386-linux-gnu/libxslt.so.1.1.26
ac17a000-ac1bf000 r-xp 00000000 08:01 9966375    /usr/lib/i386-linux-gnu/libjpeg.so.8.0.2
ac1bf000-ac1c0000 r--p 00044000 08:01 9966375    /usr/lib/i386-linux-gnu/libjpeg.so.8.0.2
ac1c0000-ac1c1000 rw-p 00045000 08:01 9966375    /usr/lib/i386-linux-gnu/libjpeg.so.8.0.2
ac1c1000-ac1d1000 rw-p 00000000 00:00 0 
ac1d1000-ac2b4000 r-xp 00000000 08:01 9966322    /usr/lib/i386-linux-gnu/libgstreamer-0.10.so.0.30.0
ac2b4000-ac2b7000 r--p 000e2000 08:01 9966322    /usr/lib/i386-linux-gnu/libgstreamer-0.10.so.0.30.0
ac2b7000-ac2b8000 rw-p 000e5000 08:01 9966322    /usr/lib/i386-linux-gnu/libgstreamer-0.10.so.0.30.0
ac2b8000-ac2b9000 rw-p 00000000 00:00 0 
ac2b9000-ac317000 r-xp 00000000 08:01 9966298    /usr/lib/i386-linux-gnu/libgstbase-0.10.so.0.30.0
ac317000-ac318000 r--p 0005d000 08:01 9966298    /usr/lib/i386-linux-gnu/libgstbase-0.10.so.0.30.0
ac318000-ac319000 rw-p 0005e000 08:01 9966298    /usr/lib/i386-linux-gnu/libgstbase-0.10.so.0.30.0
ac319000-ac335000 r-xp 00000000 08:01 9966334    /usr/lib/i386-linux-gnu/libgstvideo-0.10.so.0.25.0
ac335000-ac336000 r--p 0001b000 08:01 9966334    /usr/lib/i386-linux-gnu/libgstvideo-0.10.so.0.25.0
ac336000-ac337000 rw-p 0001c000 08:01 9966334    /usr/lib/i386-linux-gnu/libgstvideo-0.10.so.0.25.0
ac337000-ac357000 r-xp 00000000 08:01 9966318    /usr/lib/i386-linux-gnu/libgstpbutils-0.10.so.0.25.0
ac357000-ac358000 ---p 00020000 08:01 9966318    /usr/lib/i386-linux-gnu/libgstpbutils-0.10.so.0.25.0
ac358000-ac359000 r--p 00020000 08:01 9966318    /usr/lib/i386-linux-gnu/libgstpbutils-0.10.so.0.25.0
ac359000-ac35a000 rw-p 00021000 08:01 9966318    /usr/lib/i386-linux-gnu/libgstpbutils-0.10.so.0.25.0
ac35a000-ac369000 r-xp 00000000 08:01 9966312    /usr/lib/i386-linux-gnu/libgstinterfaces-0.10.so.0.25.0
ac369000-ac36a000 r--p 0000f000 08:01 9966312    /usr/lib/i386-linux-gnu/libgstinterfaces-0.10.so.0.25.0
ac36a000-ac36b000 rw-p 00010000 08:01 9966312    /usr/lib/i386-linux-gnu/libgstinterfaces-0.10.so.0.25.0
ac36b000-ac376000 r-xp 00000000 08:01 9966294    /usr/lib/i386-linux-gnu/libgstapp-0.10.so.0.25.0
ac376000-ac377000 r--p 0000a000 08:01 9966294    /usr/lib/i386-linux-gnu/libgstapp-0.10.so.0.25.0
ac377000-ac378000 rw-p 0000b000 08:01 9966294    /usr/lib/i386-linux-gnu/libgstapp-0.10.so.0.25.0
ac378000-ac38a000 r-xp 00000000 08:01 9964340    /usr/lib/libgeoclue.so.0.0.0
ac38a000-ac38b000 r--p 00011000 08:01 9964340    /usr/lib/libgeoclue.so.0.0.0
ac38b000-ac38c000 rw-p 00012000 08:01 9964340    /usr/lib/libgeoclue.so.0.0.0
ac38c000-ac392000 r-xp 00000000 08:01 9966227    /usr/lib/i386-linux-gnu/libgailutil.so.18.0.1
ac392000-ac393000 r--p 00005000 08:01 9966227    /usr/lib/i386-linux-gnu/libgailutil.so.18.0.1
ac393000-ac394000 rw-p 00006000 08:01 9966227    /usr/lib/i386-linux-gnu/libgailutil.so.18.0.1
ac394000-ac39e000 r-xp 00000000 08:01 9964292    /usr/lib/libenchant.so.1.6.0
ac39e000-ac39f000 r--p 00009000 08:01 9964292    /usr/lib/libenchant.so.1.6.0
ac39f000-ac3a0000 rw-p 0000a000 08:01 9964292    /usr/lib/libenchant.so.1.6.0
ac3a0000-ac747000 r-xp 00000000 08:01 9971560    /usr/lib/libjavascriptcoregtk-1.0.so.0.13.4
ac747000-ac74e000 r--p 003a6000 08:01 9971560    /usr/lib/libjavascriptcoregtk-1.0.so.0.13.4
ac74e000-ac752000 rw-p 003ad000 08:01 9971560    /usr/lib/libjavascriptcoregtk-1.0.so.0.13.4
ac752000-ac763000 rw-p 00000000 00:00 0 
ac763000-ac7c8000 r-xp 00000000 08:01 9966544    /usr/lib/i386-linux-gnu/libsoup-2.4.so.1.5.0
ac7c8000-ac7c9000 r--p 00064000 08:01 9966544    /usr/lib/i386-linux-gnu/libsoup-2.4.so.1.5.0
ac7c9000-ac7ca000 rw-p 00065000 08:01 9966544    /usr/lib/i386-linux-gnu/libsoup-2.4.so.1.5.0
ac7ca000-ac7cb000 rw-p 00000000 00:00 0 
ac7cb000-adc76000 r-xp 00000000 08:01 9971562    /usr/lib/libwebkitgtk-1.0.so.0.13.4
adc76000-adc77000 ---p 014ab000 08:01 9971562    /usr/lib/libwebkitgtk-1.0.so.0.13.4
adc77000-add2e000 r--p 014ab000 08:01 9971562    /usr/lib/libwebkitgtk-1.0.so.0.13.4
add2e000-add37000 rw-p 01562000 08:01 9971562    /usr/lib/libwebkitgtk-1.0.so.0.13.4
add37000-add3e000 rw-p 00000000 00:00 0 
add3e000-add40000 r--s 0000b000 08:01 11172365   /usr/share/eclipse/plugins/org.eclipse.equinox.p2.ui.sdk.scheduler_1.0.100.dist.jar
add40000-add41000 r--s 0000b000 08:01 10367105   /usr/lib/eclipse/plugins/org.eclipse.core.net.linux.x86_1.1.200.dist.jar
add41000-add43000 r--s 0000e000 08:01 11172318   /usr/share/eclipse/plugins/org.eclipse.core.net_1.2.100.dist.jar
add43000-add53000 rw-p 00000000 00:00 0 
add53000-add5b000 r-xp 00000000 08:01 9971564    /usr/lib/jni/libswt-webkit-gtk-3740.so
add5b000-add5c000 r--p 00007000 08:01 9971564    /usr/lib/jni/libswt-webkit-gtk-3740.so
add5c000-add5d000 rw-p 00008000 08:01 9971564    /usr/lib/jni/libswt-webkit-gtk-3740.so
add5d000-add63000 r--s 00044000 08:01 11172397   /usr/share/eclipse/plugins/org.eclipse.ui.intro_3.4.100.dist.jar
add63000-add65000 r--s 00013000 08:01 11172310   /usr/share/eclipse/plugins/org.eclipse.ui.intro.universal_3.2.500.dist/universal.jar
add65000-add69000 r--s 0001c000 08:01 11172393   /usr/share/eclipse/plugins/org.eclipse.ui.externaltools_3.2.0.dist.jar
add69000-add72000 r--s 00054000 08:01 11172383   /usr/share/eclipse/plugins/org.eclipse.team.core_3.6.0.dist.jar
add72000-add75000 r--s 00017000 08:01 11172316   /usr/share/eclipse/plugins/org.eclipse.core.filebuffers_3.5.200.dist.jar
add75000-add78000 r--s 00011000 08:01 11285793   /usr/lib/eclipse/dropins/jdt/plugins/org.eclipse.jdt.core.manipulation_1.4.0.dist.jar
add78000-add81000 r--s 00066000 08:01 11172382   /usr/share/eclipse/plugins/org.eclipse.search_3.7.0.dist.jar
add81000-addb3000 r--s 00233000 08:01 11172330   /usr/share/eclipse/plugins/org.eclipse.debug.ui_3.7.102.dist.jar
addb3000-addbe000 r--s 0007f000 08:01 11172410   /usr/share/eclipse/plugins/org.eclipse.ui.workbench.texteditor_3.7.0.dist.jar
addbe000-addc3000 r--s 00035000 08:01 11172388   /usr/share/eclipse/plugins/org.eclipse.text_3.5.101.dist.jar
addc3000-addcf000 r--s 0007d000 08:01 11172392   /usr/share/eclipse/plugins/org.eclipse.ui.editors_3.7.0.dist.jar
addcf000-adde2000 r--s 000d6000 08:01 11172377   /usr/share/eclipse/plugins/org.eclipse.jface.text_3.7.2.dist.jar
adde2000-adde5000 ---p 00000000 00:00 0 
adde5000-ade33000 rw-p 00000000 00:00 0          [stack:23381]
ade33000-ade36000 r--s 00022000 08:01 11285791   /usr/lib/eclipse/dropins/jdt/plugins/org.eclipse.jdt.compiler.apt_1.0.400.dist.jar
ade36000-ade5f000 r--s 00440000 08:01 10367102   /usr/lib/eclipse/plugins/org.eclipse.jdt.core_3.7.3.dist.jar
ade5f000-adef4000 r--s 008ff000 08:01 11285810   /usr/lib/eclipse/dropins/jdt/plugins/org.eclipse.jdt.ui_3.7.2.dist.jar
adef4000-adefd000 r--s 00056000 08:01 10367104   /usr/lib/eclipse/plugins/org.eclipse.ui.navigator_3.5.101.dist.jar
adefd000-adf00000 r--s 00012000 08:01 11172402   /usr/share/eclipse/plugins/org.eclipse.ui.views_3.6.0.dist.jar
adf00000-adf54000 rw-p 00000000 00:00 0 
adf54000-ae000000 ---p 00000000 00:00 0 
ae000000-ae001000 r--s 00002000 08:01 11172368   /usr/share/eclipse/plugins/org.eclipse.equinox.p2.updatechecker_1.1.200.dist.jar
ae001000-ae005000 r--s 00018000 08:01 11172398   /usr/share/eclipse/plugins/org.eclipse.ui.navigator.resources_3.4.300.dist.jar
ae005000-ae011000 r-xp 00000000 08:01 9971559    /usr/lib/jni/libswt-cairo-gtk-3740.so
ae011000-ae012000 r--p 0000c000 08:01 9971559    /usr/lib/jni/libswt-cairo-gtk-3740.so
ae012000-ae013000 rw-p 0000d000 08:01 9971559    /usr/lib/jni/libswt-cairo-gtk-3740.so
ae013000-ae016000 rw-s 00000000 00:04 11272197   /SYSV00000000 (deleted)
ae016000-ae060000 r--s 003aa000 08:01 11286059   /usr/lib/eclipse/dropins/sdk/plugins/org.eclipse.pde.ui_3.6.100.dist.jar
ae060000-ae062000 r--s 00008000 08:01 11285811   /usr/lib/eclipse/dropins/jdt/plugins/org.eclipse.jdt_3.7.2.dist.jar
ae062000-ae069000 r--s 0005b000 08:01 10367101   /usr/lib/eclipse/plugins/org.eclipse.help.base_3.6.2.dist.jar
ae069000-ae06c000 ---p 00000000 00:00 0 
ae06c000-ae0ba000 rw-p 00000000 00:00 0          [stack:23386]
ae0ba000-ae0bf000 r--s 00038000 08:01 11172376   /usr/share/eclipse/plugins/org.eclipse.help_3.5.100.dist.jar
ae0bf000-ae0c3000 r--s 00021000 08:01 11286050   /usr/lib/eclipse/dropins/sdk/plugins/org.eclipse.pde.runtime_3.4.201.dist.jar
ae0c3000-ae0cb000 r--s 00046000 08:01 11172390   /usr/share/eclipse/plugins/org.eclipse.ui.cheatsheets_3.4.100.dist.jar
ae0cb000-ae0d6000 r--s 0006e000 08:01 11172374   /usr/share/eclipse/plugins/org.eclipse.help.ui_3.5.101.dist.jar
ae0d6000-ae0db000 r--s 00027000 08:01 11172389   /usr/share/eclipse/plugins/org.eclipse.ui.browser_3.3.101.dist.jar
ae0db000-ae0de000 ---p 00000000 00:00 0 
ae0de000-ae12c000 rw-p 00000000 00:00 0          [stack:23385]
ae12c000-ae134000 r--s 0003d000 08:01 10367062   /usr/lib/eclipse/plugins/org.eclipse.core.databinding.observable_1.4.0.dist.jar
ae134000-ae13d000 r--s 00037000 08:01 10367078   /usr/lib/eclipse/plugins/org.eclipse.jface.databinding_1.5.0.dist.jar
ae13d000-ae1ed000 r--p 00000000 08:01 10750894   /usr/share/fonts/truetype/ttf-dejavu/DejaVuSans.ttf
ae1ed000-ae24d000 rw-s 00000000 00:04 11239428   /SYSV00000000 (deleted)
ae24d000-ae29f000 r--p 00000000 08:01 10750920   /usr/share/fonts/truetype/ubuntu-font-family/Ubuntu-B.ttf
ae29f000-ae2a0000 ---p 00000000 00:00 0 
ae2a0000-aeaa0000 rw-p 00000000 00:00 0          [stack:23382]
aeaa0000-aeaa1000 ---p 00000000 00:00 0 
aeaa1000-af2a1000 rw-p 00000000 00:00 0          [stack:23383]
af2a1000-af2a2000 ---p 00000000 00:00 0 
af2a2000-afaa2000 rw-p 00000000 00:00 0          [stack:23373]
afaa2000-afbe9000 r-xp 00000000 08:01 9966630    /usr/lib/i386-linux-gnu/libxml2.so.2.7.8
afbe9000-afbed000 r--p 00147000 08:01 9966630    /usr/lib/i386-linux-gnu/libxml2.so.2.7.8
afbed000-afbee000 rw-p 0014b000 08:01 9966630    /usr/lib/i386-linux-gnu/libxml2.so.2.7.8
afbee000-afbef000 rw-p 00000000 00:00 0 
afbef000-afc27000 r-xp 00000000 08:01 9966137    /usr/lib/i386-linux-gnu/libcroco-0.6.so.3.0.1
afc27000-afc28000 ---p 00038000 08:01 9966137    /usr/lib/i386-linux-gnu/libcroco-0.6.so.3.0.1
afc28000-afc2a000 r--p 00038000 08:01 9966137    /usr/lib/i386-linux-gnu/libcroco-0.6.so.3.0.1
afc2a000-afc2b000 rw-p 0003a000 08:01 9966137    /usr/lib/i386-linux-gnu/libcroco-0.6.so.3.0.1
afc2b000-afc62000 r-xp 00000000 08:01 9966519    /usr/lib/i386-linux-gnu/librsvg-2.so.2.36.1
afc62000-afc63000 r--p 00036000 08:01 9966519    /usr/lib/i386-linux-gnu/librsvg-2.so.2.36.1
afc63000-afc64000 rw-p 00037000 08:01 9966519    /usr/lib/i386-linux-gnu/librsvg-2.so.2.36.1
afc64000-afc65000 r--s 0000c000 08:01 11285792   /usr/lib/eclipse/dropins/jdt/plugins/org.eclipse.jdt.compiler.tool_1.0.100.dist.jar
afc65000-afc67000 r--s 0000e000 08:01 11286060   /usr/lib/eclipse/dropins/sdk/plugins/org.eclipse.pde_3.7.2.dist.jar
afc67000-afc72000 r--s 000b8000 08:01 10367094   /usr/lib/eclipse/plugins/org.eclipse.core.resources_3.7.101.dist.jar
afc72000-afc79000 r--s 00000000 08:01 9966936    /usr/lib/i386-linux-gnu/gconv/gconv-modules.cache
afc79000-b0cf7000 r--p 00000000 08:01 11173438   /usr/share/icons/hicolor/icon-theme.cache
b0cf7000-b15e2000 r--p 00000000 08:01 11171508   /usr/share/icons/gnome/icon-theme.cache
b15e2000-b16cb000 r--p 00000000 08:01 11171491   /usr/share/icons/Humanity/icon-theme.cache
b16cb000-b16d6000 r--p 00000000 08:01 11171500   /usr/share/icons/Humanity-Dark/icon-theme.cache
b16d6000-b16f9000 r--p 00000000 08:01 11171523   /usr/share/icons/ubuntu-mono-dark/icon-theme.cache
b16f9000-b179e000 r--p 00000000 08:01 10750893   /usr/share/fonts/truetype/ttf-dejavu/DejaVuSans-Bold.ttf
b179e000-b17e2000 r-xp 00000000 08:01 9966360    /usr/lib/i386-linux-gnu/libibus-1.0.so.0.401.0
b17e2000-b17e3000 r--p 00043000 08:01 9966360    /usr/lib/i386-linux-gnu/libibus-1.0.so.0.401.0
b17e3000-b17e4000 rw-p 00044000 08:01 9966360    /usr/lib/i386-linux-gnu/libibus-1.0.so.0.401.0
b17e4000-b17e6000 r--s 00016000 08:01 10367083   /usr/lib/eclipse/plugins/org.eclipse.update.configurator_3.3.100.dist.jar
b17e6000-b17e8000 r--s 00012000 08:01 10367065   /usr/lib/eclipse/plugins/org.eclipse.core.expressions_3.4.300.dist.jar
b17e8000-b17e9000 r-xp 00000000 08:01 9966960    /usr/lib/i386-linux-gnu/gdk-pixbuf-2.0/2.10.0/loaders/libpixbufloader-svg.so
b17e9000-b17ea000 r--p 00000000 08:01 9966960    /usr/lib/i386-linux-gnu/gdk-pixbuf-2.0/2.10.0/loaders/libpixbufloader-svg.so
b17ea000-b17eb000 rw-p 00001000 08:01 9966960    /usr/lib/i386-linux-gnu/gdk-pixbuf-2.0/2.10.0/loaders/libpixbufloader-svg.so
b17eb000-b17f7000 r-xp 00000000 08:01 9971553    /usr/lib/jni/libswt-atk-gtk-3740.so
b17f7000-b17f8000 r--p 0000b000 08:01 9971553    /usr/lib/jni/libswt-atk-gtk-3740.so
b17f8000-b17f9000 rw-p 0000c000 08:01 9971553    /usr/lib/jni/libswt-atk-gtk-3740.so
b17f9000-b17ff000 r-xp 00000000 08:01 9967113    /usr/lib/i386-linux-gnu/gtk-2.0/2.10.0/immodules/im-ibus.so
b17ff000-b1800000 r--p 00005000 08:01 9967113    /usr/lib/i386-linux-gnu/gtk-2.0/2.10.0/immodules/im-ibus.so
b1800000-b1801000 rw-p 00006000 08:01 9967113    /usr/lib/i386-linux-gnu/gtk-2.0/2.10.0/immodules/im-ibus.so
b1801000-b1828000 r--s 00208000 08:01 11172396   /usr/share/eclipse/plugins/org.eclipse.ui.ide_3.7.0.dist.jar
b1828000-b182c000 r-xp 00000000 08:01 9966956    /usr/lib/i386-linux-gnu/gdk-pixbuf-2.0/2.10.0/loaders/libpixbufloader-png.so
b182c000-b182d000 r--p 00003000 08:01 9966956    /usr/lib/i386-linux-gnu/gdk-pixbuf-2.0/2.10.0/loaders/libpixbufloader-png.so
b182d000-b182e000 rw-p 00004000 08:01 9966956    /usr/lib/i386-linux-gnu/gdk-pixbuf-2.0/2.10.0/loaders/libpixbufloader-png.so
b182e000-b1833000 r-xp 00000000 08:01 9966950    /usr/lib/i386-linux-gnu/gdk-pixbuf-2.0/2.10.0/loaders/libpixbufloader-gif.so
b1833000-b1834000 r--p 00005000 08:01 9966950    /usr/lib/i386-linux-gnu/gdk-pixbuf-2.0/2.10.0/loaders/libpixbufloader-gif.so
b1834000-b1835000 rw-p 00006000 08:01 9966950    /usr/lib/i386-linux-gnu/gdk-pixbuf-2.0/2.10.0/loaders/libpixbufloader-gif.so
b1835000-b1836000 r--s 00002000 08:01 11172328   /usr/share/eclipse/plugins/org.eclipse.cvs_1.1.100.dist.jar
b1836000-b1888000 r--p 00000000 08:01 10750896   /usr/share/fonts/truetype/ttf-dejavu/DejaVuSansMono.ttf
b1888000-b18df000 r--p 00000000 08:01 10750925   /usr/share/fonts/truetype/ubuntu-font-family/Ubuntu-R.ttf
b18df000-b18e1000 r-xp 00000000 08:01 9967319    /usr/lib/i386-linux-gnu/pango/1.6.0/modules/pango-basic-fc.so
b18e1000-b18e2000 r--p 00001000 08:01 9967319    /usr/lib/i386-linux-gnu/pango/1.6.0/modules/pango-basic-fc.so
b18e2000-b18e3000 rw-p 00002000 08:01 9967319    /usr/lib/i386-linux-gnu/pango/1.6.0/modules/pango-basic-fc.so
b18e3000-b18e4000 r--s 00000000 08:01 12453057   /var/cache/fontconfig/c05880de57d1f5e948fdfacc138775d9-le32d4.cache-3
b18e4000-b18ea000 r--s 00000000 08:01 12453052   /var/cache/fontconfig/945677eb7aeaf62f1d50efc3fb3ec7d8-le32d4.cache-3
b18ea000-b18ec000 r--s 00000000 08:01 12453053   /var/cache/fontconfig/99e8ed0e538f840c565b6ed5dad60d56-le32d4.cache-3
b18ec000-b18ef000 r--s 00000000 08:01 12453039   /var/cache/fontconfig/2cd17615ca594fa2959ae173292e504c-le32d4.cache-3
b18ef000-b18f0000 r--s 00000000 08:01 12453064   /var/cache/fontconfig/e7071f4a29fa870f4323321c154eba04-le32d4.cache-3
b18f0000-b18f1000 r--s 00000000 08:01 12453037   /var/cache/fontconfig/0d8c3b2ac0904cb8a57a757ad11a4a08-le32d4.cache-3
b18f1000-b18f5000 r--s 00000000 08:01 12453054   /var/cache/fontconfig/a755afe4a08bf5b97852ceb7400b47bc-le32d4.cache-3
b18f5000-b18fc000 r--s 00000000 08:01 12453744   /var/cache/fontconfig/6d41288fd70b0be22e8c3a91e032eec0-le32d4.cache-3
b18fc000-b1907000 r--s 00000000 08:01 12453036   /var/cache/fontconfig/04aabc0a78ac019cf9454389977116d2-le32d4.cache-3
b1907000-b190a000 r--s 00000000 08:01 12453042   /var/cache/fontconfig/385c0604a188198f04d133e54aba7fe7-le32d4.cache-3
b190a000-b190b000 r--s 00000000 08:01 12453043   /var/cache/fontconfig/4794a0821666d79190d59a36cb4f44b5-le32d4.cache-3
b190b000-b190e000 r--s 00000000 08:01 12453051   /var/cache/fontconfig/8801497958630a81b71ace7c5f9b32a8-le32d4.cache-3
b190e000-b191b000 r--s 00000000 08:01 12453060   /var/cache/fontconfig/d52a8644073d54c13679302ca1180695-le32d4.cache-3
b191b000-b1920000 r-xp 00000000 08:01 9966058    /usr/lib/i386-linux-gnu/libXtst.so.6.1.0
b1920000-b1921000 r--p 00004000 08:01 9966058    /usr/lib/i386-linux-gnu/libXtst.so.6.1.0
b1921000-b1922000 rw-p 00005000 08:01 9966058    /usr/lib/i386-linux-gnu/libXtst.so.6.1.0
b1922000-b1923000 r-xp 00000000 08:01 9966336    /usr/lib/i386-linux-gnu/libgthread-2.0.so.0.3200.3
b1923000-b1924000 r--p 00000000 08:01 9966336    /usr/lib/i386-linux-gnu/libgthread-2.0.so.0.3200.3
b1924000-b1925000 rw-p 00001000 08:01 9966336    /usr/lib/i386-linux-gnu/libgthread-2.0.so.0.3200.3
b1925000-b1927000 r--s 00013000 08:01 10367060   /usr/lib/eclipse/plugins/org.eclipse.core.contenttype_3.4.100.dist.jar
b1927000-b192b000 r--s 00000000 08:01 12453040   /var/cache/fontconfig/3047814df9a2f067bd2d96a2b9c36e5a-le32d4.cache-3
b192b000-b192c000 r--s 00000000 08:01 12453045   /var/cache/fontconfig/56cf4f4769d0f4abc89a4895d7bd3ae1-le32d4.cache-3
b192c000-b192d000 r--s 00000000 08:01 12453056   /var/cache/fontconfig/b9d506c9ac06c20b433354fa67a72993-le32d4.cache-3
b192d000-b1931000 r--s 00000000 08:01 12453055   /var/cache/fontconfig/b47c4e1ecd0709278f4910c18777a504-le32d4.cache-3
b1931000-b1933000 r--s 00000000 08:01 12453506   /var/cache/fontconfig/e13b20fdb08344e0e664864cc2ede53d-le32d4.cache-3
b1933000-b1936000 r--s 00000000 08:01 12453515   /var/cache/fontconfig/7ef2298fde41cc6eeb7af42e48b7d293-le32d4.cache-3
b1936000-b193a000 rwxp 00000000 00:00 0 
b193a000-b19b1000 r-xp 00000000 08:01 9971556    /usr/lib/jni/libswt-pi-gtk-3740.so
b19b1000-b19b2000 r--p 00077000 08:01 9971556    /usr/lib/jni/libswt-pi-gtk-3740.so
b19b2000-b19b4000 rw-p 00078000 08:01 9971556    /usr/lib/jni/libswt-pi-gtk-3740.so
b19b4000-b19b5000 rw-p 00000000 00:00 0 
b19b5000-b19b9000 r-xp 00000000 08:01 9971555    /usr/lib/jni/libswt-gtk-3740.so
b19b9000-b19ba000 r--p 00003000 08:01 9971555    /usr/lib/jni/libswt-gtk-3740.so
b19ba000-b19bb000 rw-p 00004000 08:01 9971555    /usr/lib/jni/libswt-gtk-3740.so
b19bb000-b19bc000 rw-p 00000000 00:00 0 
b19bc000-b19c0000 r--s 00015000 08:01 10367059   /usr/lib/eclipse/plugins/org.eclipse.core.commands_3.6.0.dist.jar
b19c0000-b19c4000 r--s 0001e000 08:01 10367082   /usr/lib/eclipse/plugins/org.eclipse.ui_3.7.0.dist.jar
b19c4000-b1a00000 r--s 005fe000 08:01 10231009   /usr/share/java/com.ibm.icu-4.4.jar
b1a00000-b1aff000 rw-p 00000000 00:00 0 
b1aff000-b1b00000 ---p 00000000 00:00 0 
b1b00000-b1b01000 r--s 00002000 08:01 10367080   /usr/lib/eclipse/plugins/org.eclipse.rcp_3.7.2.dist.jar
b1b01000-b1b15000 r--s 0018b000 08:01 9971558    /usr/lib/java/swt-gtk-3.7.2.jar
b1b15000-b1b29000 r--s 000eb000 08:01 10367079   /usr/lib/eclipse/plugins/org.eclipse.jface_3.7.0.dist.jar
b1b29000-b1b2a000 r--s 00000000 08:01 11172406   /usr/share/eclipse/plugins/org.eclipse.ui.workbench.compatibility_3.2.100.dist/compatibility.jar
b1b2a000-b1b71000 r--s 0039a000 08:01 10367081   /usr/lib/eclipse/plugins/org.eclipse.ui.workbench_3.7.1.dist.jar
b1b71000-b1b73000 r--s 0000d000 08:01 11172395   /usr/share/eclipse/plugins/org.eclipse.ui.ide.application_1.0.300.dist.jar
b1b73000-b1b74000 r--s 00006000 08:01 11172352   /usr/share/eclipse/plugins/org.eclipse.equinox.p2.directorywatcher_1.0.300.dist.jar
b1b74000-b1b76000 r--s 0000e000 08:01 11172350   /usr/share/eclipse/plugins/org.eclipse.equinox.p2.core_2.1.1.dist.jar
b1b76000-b1b79000 r--s 00013000 08:01 11172326   /usr/share/eclipse/plugins/org.eclipse.core.runtime.compatibility_3.2.100.dist.jar
b1b79000-b1b7b000 r--s 00012000 08:01 10367069   /usr/lib/eclipse/plugins/org.eclipse.equinox.app_1.3.100.dist.jar
b1b7b000-b1b7e000 ---p 00000000 00:00 0 
b1b7e000-b1bcc000 rw-p 00000000 00:00 0          [stack:23368]
b1bcc000-b1bce000 r--s 00013000 08:01 10367066   /usr/lib/eclipse/plugins/org.eclipse.core.jobs_3.5.101.dist.jar
b1bce000-b1bd1000 r--s 00018000 08:01 10367074   /usr/lib/eclipse/plugins/org.eclipse.equinox.preferences_3.4.2.dist.jar
b1bd1000-b1bd4000 ---p 00000000 00:00 0 
b1bd4000-b1c22000 rw-p 00000000 00:00 0          [stack:23367]
b1c22000-b1c25000 ---p 00000000 00:00 0 
b1c25000-b1c73000 rw-p 00000000 00:00 0          [stack:23378]
b1c73000-b1c76000 r--s 00016000 08:01 10367070   /usr/lib/eclipse/plugins/org.eclipse.equinox.common_3.6.0.dist.jar
b1c76000-b1c79000 ---p 00000000 00:00 0 
b1c79000-b1cc7000 rw-p 00000000 00:00 0          [stack:23365]
b1cc7000-b1cca000 ---p 00000000 00:00 0 
b1cca000-b1d18000 rw-p 00000000 00:00 0          [stack:23364]
b1d18000-b1d1b000 ---p 00000000 00:00 0 
b1d1b000-b1d69000 rw-p 00000000 00:00 0          [stack:23363]
b1d69000-b1d6c000 ---p 00000000 00:00 0 
b1d6c000-b1dba000 rw-p 00000000 00:00 0          [stack:23362]
b1dba000-b1dbb000 ---p 00000000 00:00 0 
b1dbb000-b1e3b000 rw-p 00000000 00:00 0          [stack:23361]
b1e3b000-b1e3e000 ---p 00000000 00:00 0 
b1e3e000-b1e8c000 rw-p 00000000 00:00 0          [stack:23360]
b1e8c000-b1e8f000 ---p 00000000 00:00 0 
b1e8f000-b1f0d000 rw-p 00000000 00:00 0          [stack:23359]
b1f0d000-b1f10000 ---p 00000000 00:00 0 
b1f10000-b1f5e000 rw-p 00000000 00:00 0          [stack:23358]
b1f5e000-b1f61000 ---p 00000000 00:00 0 
b1f61000-b1faf000 rw-p 00000000 00:00 0          [stack:23357]
b1faf000-b1fb2000 ---p 00000000 00:00 0 
b1fb2000-b2000000 rw-p 00000000 00:00 0          [stack:23356]
b2000000-b2032000 rw-p 00000000 00:00 0 
b2032000-b2100000 ---p 00000000 00:00 0 
b2100000-b2101000 r--s 0000a000 08:01 11172359   /usr/share/eclipse/plugins/org.eclipse.equinox.p2.reconciler.dropins_1.1.100.dist.jar
b2101000-b2102000 r--s 00004000 08:01 10367067   /usr/lib/eclipse/plugins/org.eclipse.core.runtime.compatibility.auth_3.2.200.dist.jar
b2102000-b2103000 r--s 00001000 08:01 11172325   /usr/share/eclipse/plugins/org.eclipse.core.runtime.compatibility.registry_3.5.0.dist/runtime_registry_compatibility.jar
b2103000-b2106000 r--s 00028000 08:01 10367075   /usr/lib/eclipse/plugins/org.eclipse.equinox.registry_3.5.101.dist.jar
b2106000-b2108000 r--s 0000f000 08:01 10367068   /usr/lib/eclipse/plugins/org.eclipse.core.runtime_3.7.0.dist.jar
b2108000-b210c000 r--s 0000d000 08:01 10367049   /usr/lib/eclipse/plugins/org.eclipse.osgi.services_3.3.0.dist.jar
b210c000-b210f000 r--s 0000f000 08:01 10367077   /usr/lib/eclipse/plugins/org.eclipse.equinox.util_1.0.300.dist.jar
b210f000-b2112000 r--s 0002b000 08:01 10367071   /usr/lib/eclipse/plugins/org.eclipse.equinox.ds_1.3.1.dist.jar
b2112000-b2114000 r--s 00008000 08:01 10367076   /usr/lib/eclipse/plugins/org.eclipse.equinox.simpleconfigurator_1.0.200.dist.jar
b2114000-b211c000 r-xp 00000000 08:01 11023594   /usr/lib/jvm/java-6-openjdk-i386/jre/lib/i386/libnio.so
b211c000-b211d000 r--p 00007000 08:01 11023594   /usr/lib/jvm/java-6-openjdk-i386/jre/lib/i386/libnio.so
b211d000-b211e000 rw-p 00008000 08:01 11023594   /usr/lib/jvm/java-6-openjdk-i386/jre/lib/i386/libnio.so
b211e000-b2133000 r-xp 00000000 08:01 11023601   /usr/lib/jvm/java-6-openjdk-i386/jre/lib/i386/libnet.so
b2133000-b2134000 r--p 00014000 08:01 11023601   /usr/lib/jvm/java-6-openjdk-i386/jre/lib/i386/libnet.so
b2134000-b2135000 rw-p 00015000 08:01 11023601   /usr/lib/jvm/java-6-openjdk-i386/jre/lib/i386/libnet.so
b2135000-b213b000 r--s 000fc000 08:01 10754218   /usr/lib/jvm/java-6-openjdk-common/jre/lib/resources.jar
b213b000-b213c000 ---p 00000000 00:00 0 
b213c000-b21ef000 rw-p 00000000 00:00 0          [stack:23355]
b21ef000-b2381000 r--s 037d2000 08:01 11023630   /usr/lib/jvm/java-6-openjdk-i386/jre/lib/rt.jar
b2381000-b238f000 rw-p 00000000 00:00 0 
b238f000-b2402000 rw-p 00000000 00:00 0 
b2402000-b2410000 rw-p 00000000 00:00 0 
b2410000-b2483000 rw-p 00000000 00:00 0 
b2483000-b248a000 rw-p 00000000 00:00 0 
b248a000-b24c3000 rw-p 00000000 00:00 0 
b24c3000-b24d1000 rw-p 00000000 00:00 0 
b24d1000-b2543000 rw-p 00000000 00:00 0 
b2543000-b2551000 rw-p 00000000 00:00 0 
b2551000-b25c3000 rw-p 00000000 00:00 0 
b25c3000-b25d9000 rw-p 00000000 00:00 0 
b25d9000-b264f000 rw-p 00000000 00:00 0 
b264f000-b289f000 rwxp 00000000 00:00 0 
b289f000-b464f000 rw-p 00000000 00:00 0 
b464f000-b4b63000 r-xp 00000000 08:01 11023614   /usr/lib/jvm/java-6-openjdk-i386/jre/lib/i386/client/libjvm.so
b4b63000-b4b64000 ---p 00514000 08:01 11023614   /usr/lib/jvm/java-6-openjdk-i386/jre/lib/i386/client/libjvm.so
b4b64000-b4b7b000 r--p 00514000 08:01 11023614   /usr/lib/jvm/java-6-openjdk-i386/jre/lib/i386/client/libjvm.so
b4b7b000-b4b88000 rw-p 0052b000 08:01 11023614   /usr/lib/jvm/java-6-openjdk-i386/jre/lib/i386/client/libjvm.so
b4b88000-b4fa0000 rw-p 00000000 00:00 0 
b4fa0000-b5000000 rw-s 00000000 00:04 11206659   /SYSV00000000 (deleted)
b5000000-b50ed000 rw-p 00000000 00:00 0 
b50ed000-b5100000 ---p 00000000 00:00 0 
b5100000-b5114000 r--s 00136000 08:01 10367051   /usr/lib/eclipse/plugins/org.eclipse.osgi_3.7.2.dist.jar
b5114000-b5115000 r--s 0000a000 08:01 10367072   /usr/lib/eclipse/plugins/org.eclipse.equinox.launcher_1.2.0.dist.jar
b5115000-b5118000 r--s 00077000 08:01 10890377   /usr/lib/jvm/java-6-openjdk-common/jre/lib/ext/localedata.jar
b5118000-b511c000 r--s 00039000 08:01 10890379   /usr/lib/jvm/java-6-openjdk-common/jre/lib/ext/sunpkcs11.jar
b511c000-b511e000 r--s 00001000 08:01 10890375   /usr/lib/jvm/java-6-openjdk-common/jre/lib/ext/dnsns.jar
b511e000-b5121000 r--s 00031000 08:01 10890378   /usr/lib/jvm/java-6-openjdk-common/jre/lib/ext/sunjce_provider.jar
b5121000-b5122000 r--s 00007000 08:01 10230241   /usr/share/java/java-atk-wrapper.jar
b5122000-b5129000 rw-p 00000000 00:00 0 
b5129000-b514f000 r-xp 00000000 08:01 11023583   /usr/lib/jvm/java-6-openjdk-i386/jre/lib/i386/libjava.so
b514f000-b5150000 r--p 00025000 08:01 11023583   /usr/lib/jvm/java-6-openjdk-i386/jre/lib/i386/libjava.so
b5150000-b5152000 rw-p 00026000 08:01 11023583   /usr/lib/jvm/java-6-openjdk-i386/jre/lib/i386/libjava.so
b5152000-b51b5000 rw-p 00000000 00:00 0 
b51b5000-b51d4000 r--s 00000000 08:01 10228132   /usr/share/mime/mime.cache
b51d4000-b51fd000 r-xp 00000000 08:01 9966595    /usr/lib/i386-linux-gnu/libvorbis.so.0.4.5
b51fd000-b51fe000 r--p 00028000 08:01 9966595    /usr/lib/i386-linux-gnu/libvorbis.so.0.4.5
b51fe000-b51ff000 rw-p 00029000 08:01 9966595    /usr/lib/i386-linux-gnu/libvorbis.so.0.4.5
b51ff000-b5200000 ---p 00000000 00:00 0 
b5200000-b5a00000 rw-p 00000000 00:00 0          [stack:23342]
b5a00000-b5af9000 rw-p 00000000 00:00 0 
b5af9000-b5b00000 ---p 00000000 00:00 0 
b5b00000-b5b06000 rw-p 00000000 00:00 0 
b5b06000-b5b0d000 r-xp 00000000 08:01 11023596   /usr/lib/jvm/java-6-openjdk-i386/jre/lib/i386/libzip.so
b5b0d000-b5b0e000 r--p 00006000 08:01 11023596   /usr/lib/jvm/java-6-openjdk-i386/jre/lib/i386/libzip.so
b5b0e000-b5b0f000 rw-p 00007000 08:01 11023596   /usr/lib/jvm/java-6-openjdk-i386/jre/lib/i386/libzip.so
b5b0f000-b5b17000 rw-s 00000000 08:01 524465     /tmp/hsperfdata_tim/23289
b5b17000-b5b1f000 r-xp 00000000 08:01 9966402    /usr/lib/i386-linux-gnu/libltdl.so.7.3.0
b5b1f000-b5b20000 r--p 00008000 08:01 9966402    /usr/lib/i386-linux-gnu/libltdl.so.7.3.0
b5b20000-b5b21000 rw-p 00009000 08:01 9966402    /usr/lib/i386-linux-gnu/libltdl.so.7.3.0
b5b21000-b5b32000 r-xp 00000000 08:01 9966570    /usr/lib/i386-linux-gnu/libtdb.so.1.2.9
b5b32000-b5b33000 r--p 00010000 08:01 9966570    /usr/lib/i386-linux-gnu/libtdb.so.1.2.9
b5b33000-b5b34000 rw-p 00011000 08:01 9966570    /usr/lib/i386-linux-gnu/libtdb.so.1.2.9
b5b34000-b5b3c000 r-xp 00000000 08:01 9966599    /usr/lib/i386-linux-gnu/libvorbisfile.so.3.3.4
b5b3c000-b5b3d000 r--p 00007000 08:01 9966599    /usr/lib/i386-linux-gnu/libvorbisfile.so.3.3.4
b5b3d000-b5b3e000 rw-p 00008000 08:01 9966599    /usr/lib/i386-linux-gnu/libvorbisfile.so.3.3.4
b5b3e000-b5b4d000 r-xp 00000000 08:01 9966128    /usr/lib/i386-linux-gnu/libcanberra.so.0.2.5
b5b4d000-b5b4e000 r--p 0000e000 08:01 9966128    /usr/lib/i386-linux-gnu/libcanberra.so.0.2.5
b5b4e000-b5b4f000 rw-p 0000f000 08:01 9966128    /usr/lib/i386-linux-gnu/libcanberra.so.0.2.5
b5b4f000-b5b51000 r--s 0000f000 08:01 10890376   /usr/lib/jvm/java-6-openjdk-common/jre/lib/ext/pulse-java.jar
b5b51000-b5b5c000 r-xp 00000000 08:01 11023595   /usr/lib/jvm/java-6-openjdk-i386/jre/lib/i386/libverify.so
b5b5c000-b5b5d000 ---p 0000b000 08:01 11023595   /usr/lib/jvm/java-6-openjdk-i386/jre/lib/i386/libverify.so
b5b5d000-b5b5e000 r--p 0000b000 08:01 11023595   /usr/lib/jvm/java-6-openjdk-i386/jre/lib/i386/libverify.so
b5b5e000-b5b5f000 rw-p 0000c000 08:01 11023595   /usr/lib/jvm/java-6-openjdk-i386/jre/lib/i386/libverify.so
b5b5f000-b5b62000 r-xp 00000000 08:01 9966949    /usr/lib/i386-linux-gnu/gdk-pixbuf-2.0/2.10.0/loaders/libpixbufloader-bmp.so
b5b62000-b5b63000 r--p 00002000 08:01 9966949    /usr/lib/i386-linux-gnu/gdk-pixbuf-2.0/2.10.0/loaders/libpixbufloader-bmp.so
b5b63000-b5b64000 rw-p 00003000 08:01 9966949    /usr/lib/i386-linux-gnu/gdk-pixbuf-2.0/2.10.0/loaders/libpixbufloader-bmp.so
b5b64000-b5b99000 r-xp 00000000 08:01 9967106    /usr/lib/i386-linux-gnu/gtk-2.0/2.10.0/engines/libmurrine.so
b5b99000-b5b9a000 r--p 00034000 08:01 9967106    /usr/lib/i386-linux-gnu/gtk-2.0/2.10.0/engines/libmurrine.so
b5b9a000-b5b9b000 rw-p 00035000 08:01 9967106    /usr/lib/i386-linux-gnu/gtk-2.0/2.10.0/engines/libmurrine.so
b5b9b000-b5b9c000 ---p 00000000 00:00 0 
b5b9c000-b639c000 rw-p 00000000 00:00 0          [stack:23341]
b639c000-b63c5000 r-xp 00000000 08:01 9966973    /usr/lib/i386-linux-gnu/gio/modules/libgvfsdbus.so
b63c5000-b63c6000 r--p 00028000 08:01 9966973    /usr/lib/i386-linux-gnu/gio/modules/libgvfsdbus.so
b63c6000-b63c7000 rw-p 00029000 08:01 9966973    /usr/lib/i386-linux-gnu/gio/modules/libgvfsdbus.so
b63c7000-b63dc000 r-xp 00000000 08:01 9967176    /usr/lib/i386-linux-gnu/gvfs/libgvfscommon.so
b63dc000-b63dd000 r--p 00014000 08:01 9967176    /usr/lib/i386-linux-gnu/gvfs/libgvfscommon.so
b63dd000-b63de000 rw-p 00015000 08:01 9967176    /usr/lib/i386-linux-gnu/gvfs/libgvfscommon.so
b63de000-b6425000 r-xp 00000000 08:01 8127308    /lib/i386-linux-gnu/libdbus-1.so.3.5.8
b6425000-b6426000 r--p 00047000 08:01 8127308    /lib/i386-linux-gnu/libdbus-1.so.3.5.8
b6426000-b6427000 rw-p 00048000 08:01 8127308    /lib/i386-linux-gnu/libdbus-1.so.3.5.8
b6427000-b6443000 r-xp 00000000 08:01 8127317    /lib/i386-linux-gnu/libgcc_s.so.1
b6443000-b6444000 r--p 0001b000 08:01 8127317    /lib/i386-linux-gnu/libgcc_s.so.1
b6444000-b6445000 rw-p 0001c000 08:01 8127317    /lib/i386-linux-gnu/libgcc_s.so.1
b6445000-b651d000 r-xp 00000000 08:01 9966562    /usr/lib/i386-linux-gnu/libstdc++.so.6.0.16
b651d000-b651e000 ---p 000d8000 08:01 9966562    /usr/lib/i386-linux-gnu/libstdc++.so.6.0.16
b651e000-b6522000 r--p 000d8000 08:01 9966562    /usr/lib/i386-linux-gnu/libstdc++.so.6.0.16
b6522000-b6523000 rw-p 000dc000 08:01 9966562    /usr/lib/i386-linux-gnu/libstdc++.so.6.0.16
b6523000-b652a000 rw-p 00000000 00:00 0 
b652a000-b6530000 r-xp 00000000 08:01 9966445    /usr/lib/i386-linux-gnu/libogg.so.0.7.1
b6530000-b6531000 r--p 00005000 08:01 9966445    /usr/lib/i386-linux-gnu/libogg.so.0.7.1
b6531000-b6532000 rw-p 00006000 08:01 9966445    /usr/lib/i386-linux-gnu/libogg.so.0.7.1
b6532000-b6536000 r-xp 00000000 08:01 9966124    /usr/lib/i386-linux-gnu/libcanberra-gtk.so.0.1.8
b6536000-b6537000 r--p 00003000 08:01 9966124    /usr/lib/i386-linux-gnu/libcanberra-gtk.so.0.1.8
b6537000-b6538000 rw-p 00004000 08:01 9966124    /usr/lib/i386-linux-gnu/libcanberra-gtk.so.0.1.8
b6538000-b653d000 r-xp 00000000 08:01 9967128    /usr/lib/i386-linux-gnu/gtk-2.0/modules/libcanberra-gtk-module.so
b653d000-b653e000 r--p 00004000 08:01 9967128    /usr/lib/i386-linux-gnu/gtk-2.0/modules/libcanberra-gtk-module.so
b653e000-b653f000 rw-p 00005000 08:01 9967128    /usr/lib/i386-linux-gnu/gtk-2.0/modules/libcanberra-gtk-module.so
b653f000-b6541000 r--p 00000000 08:01 3678531    /home/tim/.config/dconf/user
b6541000-b6542000 r--s 00000000 08:01 3678528    /home/tim/.cache/dconf/user
b6542000-b6550000 r-xp 00000000 08:01 8127395    /lib/i386-linux-gnu/libudev.so.0.13.0
b6550000-b6551000 r--p 0000e000 08:01 8127395    /lib/i386-linux-gnu/libudev.so.0.13.0
b6551000-b6552000 rw-p 0000f000 08:01 8127395    /lib/i386-linux-gnu/libudev.so.0.13.0
b6552000-b6562000 r-xp 00000000 08:01 9966972    /usr/lib/i386-linux-gnu/gio/modules/libgioremote-volume-monitor.so
b6562000-b6563000 r--p 0000f000 08:01 9966972    /usr/lib/i386-linux-gnu/gio/modules/libgioremote-volume-monitor.so
b6563000-b6564000 rw-p 00010000 08:01 9966972    /usr/lib/i386-linux-gnu/gio/modules/libgioremote-volume-monitor.so
b6564000-b656b000 r-xp 00000000 08:01 9966968    /usr/lib/i386-linux-gnu/gio/modules/libdconfsettings.so
b656b000-b656c000 r--p 00006000 08:01 9966968    /usr/lib/i386-linux-gnu/gio/modules/libdconfsettings.so
b656c000-b656d000 rw-p 00007000 08:01 9966968    /usr/lib/i386-linux-gnu/gio/modules/libdconfsettings.so
b656d000-b6591000 r--p 00000000 08:01 10747923   /usr/share/glib-2.0/schemas/gschemas.compiled
b6591000-b659c000 r-xp 00000000 08:01 8127347    /lib/i386-linux-gnu/libnss_files-2.15.so
b659c000-b659d000 r--p 0000a000 08:01 8127347    /lib/i386-linux-gnu/libnss_files-2.15.so
b659d000-b659e000 rw-p 0000b000 08:01 8127347    /lib/i386-linux-gnu/libnss_files-2.15.so
b659e000-b65a8000 r-xp 00000000 08:01 8127351    /lib/i386-linux-gnu/libnss_nis-2.15.so
b65a8000-b65a9000 r--p 00009000 08:01 8127351    /lib/i386-linux-gnu/libnss_nis-2.15.so
b65a9000-b65aa000 rw-p 0000a000 08:01 8127351    /lib/i386-linux-gnu/libnss_nis-2.15.so
b65aa000-b65c0000 r-xp 00000000 08:01 8127341    /lib/i386-linux-gnu/libnsl-2.15.so
b65c0000-b65c1000 r--p 00015000 08:01 8127341    /lib/i386-linux-gnu/libnsl-2.15.so
b65c1000-b65c2000 rw-p 00016000 08:01 8127341    /lib/i386-linux-gnu/libnsl-2.15.so
b65c2000-b65c4000 rw-p 00000000 00:00 0 
b65c4000-b65cb000 r-xp 00000000 08:01 8127343    /lib/i386-linux-gnu/libnss_compat-2.15.so
b65cb000-b65cc000 r--p 00006000 08:01 8127343    /lib/i386-linux-gnu/libnss_compat-2.15.so
b65cc000-b65cd000 rw-p 00007000 08:01 8127343    /lib/i386-linux-gnu/libnss_compat-2.15.so
b65cd000-b65ea000 r-xp 00000000 08:01 9966082    /usr/lib/i386-linux-gnu/libatk-1.0.so.0.20409.1
b65ea000-b65ec000 r--p 0001c000 08:01 9966082    /usr/lib/i386-linux-gnu/libatk-1.0.so.0.20409.1
b65ec000-b65ed000 rw-p 0001e000 08:01 9966082    /usr/lib/i386-linux-gnu/libatk-1.0.so.0.20409.1
b65ed000-b6a4d000 r-xp 00000000 08:01 9966340    /usr/lib/i386-linux-gnu/libgtk-x11-2.0.so.0.2400.10
b6a4d000-b6a51000 r--p 00460000 08:01 9966340    /usr/lib/i386-linux-gnu/libgtk-x11-2.0.so.0.2400.10
b6a51000-b6a53000 rw-p 00464000 08:01 9966340    /usr/lib/i386-linux-gnu/libgtk-x11-2.0.so.0.2400.10
b6a53000-b6a55000 rw-p 00000000 00:00 0 
b6a55000-b6a5a000 r-xp 00000000 08:01 9966030    /usr/lib/i386-linux-gnu/libXdmcp.so.6.0.0
b6a5a000-b6a5b000 r--p 00004000 08:01 9966030    /usr/lib/i386-linux-gnu/libXdmcp.so.6.0.0
b6a5b000-b6a5c000 rw-p 00005000 08:01 9966030    /usr/lib/i386-linux-gnu/libXdmcp.so.6.0.0
b6a5c000-b6a7b000 r-xp 00000000 08:01 9966626    /usr/lib/i386-linux-gnu/libxcb.so.1.1.0
b6a7b000-b6a7c000 r--p 0001f000 08:01 9966626    /usr/lib/i386-linux-gnu/libxcb.so.1.1.0
b6a7c000-b6a7d000 rw-p 00020000 08:01 9966626    /usr/lib/i386-linux-gnu/libxcb.so.1.1.0
b6a7d000-b6a85000 r-xp 00000000 08:01 9966618    /usr/lib/i386-linux-gnu/libxcb-render.so.0.0.0
b6a85000-b6a86000 r--p 00008000 08:01 9966618    /usr/lib/i386-linux-gnu/libxcb-render.so.0.0.0
b6a86000-b6a87000 rw-p 00009000 08:01 9966618    /usr/lib/i386-linux-gnu/libxcb-render.so.0.0.0
b6a87000-b6a89000 r-xp 00000000 08:01 9966622    /usr/lib/i386-linux-gnu/libxcb-shm.so.0.0.0
b6a89000-b6a8a000 r--p 00001000 08:01 9966622    /usr/lib/i386-linux-gnu/libxcb-shm.so.0.0.0
b6a8a000-b6a8b000 rw-p 00002000 08:01 9966622    /usr/lib/i386-linux-gnu/libxcb-shm.so.0.0.0
b6a8b000-b6ab3000 r-xp 00000000 08:01 8127373    /lib/i386-linux-gnu/libpng12.so.0.46.0
b6ab3000-b6ab4000 r--p 00027000 08:01 8127373    /lib/i386-linux-gnu/libpng12.so.0.46.0
b6ab4000-b6ab5000 rw-p 00028000 08:01 8127373    /lib/i386-linux-gnu/libpng12.so.0.46.0
b6ab5000-b6b48000 r-xp 00000000 08:01 9966477    /usr/lib/i386-linux-gnu/libpixman-1.so.0.24.4
b6b48000-b6b4c000 r--p 00092000 08:01 9966477    /usr/lib/i386-linux-gnu/libpixman-1.so.0.24.4
b6b4c000-b6b4d000 rw-p 00096000 08:01 9966477    /usr/lib/i386-linux-gnu/libpixman-1.so.0.24.4
b6b4d000-b6b73000 r-xp 00000000 08:01 8127314    /lib/i386-linux-gnu/libexpat.so.1.5.2
b6b73000-b6b74000 ---p 00026000 08:01 8127314    /lib/i386-linux-gnu/libexpat.so.1.5.2
b6b74000-b6b76000 r--p 00026000 08:01 8127314    /lib/i386-linux-gnu/libexpat.so.1.5.2
b6b76000-b6b77000 rw-p 00028000 08:01 8127314    /lib/i386-linux-gnu/libexpat.so.1.5.2
b6b77000-b6b8a000 r-xp 00000000 08:01 8127380    /lib/i386-linux-gnu/libresolv-2.15.so
b6b8a000-b6b8b000 ---p 00013000 08:01 8127380    /lib/i386-linux-gnu/libresolv-2.15.so
b6b8b000-b6b8c000 r--p 00013000 08:01 8127380    /lib/i386-linux-gnu/libresolv-2.15.so
b6b8c000-b6b8d000 rw-p 00014000 08:01 8127380    /lib/i386-linux-gnu/libresolv-2.15.so
b6b8d000-b6b8f000 rw-p 00000000 00:00 0 
b6b8f000-b6bac000 r-xp 00000000 08:01 8127384    /lib/i386-linux-gnu/libselinux.so.1
b6bac000-b6bad000 r--p 0001c000 08:01 8127384    /lib/i386-linux-gnu/libselinux.so.1
b6bad000-b6bae000 rw-p 0001d000 08:01 8127384    /lib/i386-linux-gnu/libselinux.so.1
b6bae000-b6bc2000 r-xp 00000000 08:01 8127407    /lib/i386-linux-gnu/libz.so.1.2.3.4
b6bc2000-b6bc3000 r--p 00013000 08:01 8127407    /lib/i386-linux-gnu/libz.so.1.2.3.4
b6bc3000-b6bc4000 rw-p 00014000 08:01 8127407    /lib/i386-linux-gnu/libz.so.1.2.3.4
b6bc4000-b6bc7000 r-xp 00000000 08:01 9966265    /usr/lib/i386-linux-gnu/libgmodule-2.0.so.0.3200.3
b6bc7000-b6bc8000 r--p 00002000 08:01 9966265    /usr/lib/i386-linux-gnu/libgmodule-2.0.so.0.3200.3
b6bc8000-b6bc9000 rw-p 00003000 08:01 9966265    /usr/lib/i386-linux-gnu/libgmodule-2.0.so.0.3200.3
b6bc9000-b6c5e000 r-xp 00000000 08:01 9966222    /usr/lib/i386-linux-gnu/libfreetype.so.6.8.0
b6c5e000-b6c62000 r--p 00094000 08:01 9966222    /usr/lib/i386-linux-gnu/libfreetype.so.6.8.0
b6c62000-b6c63000 rw-p 00098000 08:01 9966222    /usr/lib/i386-linux-gnu/libfreetype.so.6.8.0
b6c63000-b6c8d000 r-xp 00000000 08:01 9966461    /usr/lib/i386-linux-gnu/libpangoft2-1.0.so.0.3000.0
b6c8d000-b6c8e000 r--p 00029000 08:01 9966461    /usr/lib/i386-linux-gnu/libpangoft2-1.0.so.0.3000.0
b6c8e000-b6c8f000 rw-p 0002a000 08:01 9966461    /usr/lib/i386-linux-gnu/libpangoft2-1.0.so.0.3000.0
b6c8f000-b6cb9000 r-xp 00000000 08:01 8127328    /lib/i386-linux-gnu/libm-2.15.so
b6cb9000-b6cba000 r--p 00029000 08:01 8127328    /lib/i386-linux-gnu/libm-2.15.so
b6cba000-b6cbb000 rw-p 0002a000 08:01 8127328    /lib/i386-linux-gnu/libm-2.15.so
b6cbb000-b6deb000 r-xp 00000000 08:01 9966017    /usr/lib/i386-linux-gnu/libX11.so.6.3.0
b6deb000-b6dec000 r--p 0012f000 08:01 9966017    /usr/lib/i386-linux-gnu/libX11.so.6.3.0
b6dec000-b6dee000 rw-p 00130000 08:01 9966017    /usr/lib/i386-linux-gnu/libX11.so.6.3.0
b6dee000-b6def000 rw-p 00000000 00:00 0 
b6def000-b6eb6000 r-xp 00000000 08:01 9966120    /usr/lib/i386-linux-gnu/libcairo.so.2.11000.2
b6eb6000-b6eb7000 r--p 000c7000 08:01 9966120    /usr/lib/i386-linux-gnu/libcairo.so.2.11000.2
b6eb7000-b6eb8000 rw-p 000c8000 08:01 9966120    /usr/lib/i386-linux-gnu/libcairo.so.2.11000.2
b6eb8000-b6eba000 rw-p 00000000 00:00 0 
b6eba000-b6ebe000 r-xp 00000000 08:01 9966034    /usr/lib/i386-linux-gnu/libXfixes.so.3.1.0
b6ebe000-b6ebf000 r--p 00004000 08:01 9966034    /usr/lib/i386-linux-gnu/libXfixes.so.3.1.0
b6ebf000-b6ec0000 rw-p 00005000 08:01 9966034    /usr/lib/i386-linux-gnu/libXfixes.so.3.1.0
b6ec0000-b6ec2000 r-xp 00000000 08:01 9966028    /usr/lib/i386-linux-gnu/libXdamage.so.1.1.0
b6ec2000-b6ec3000 r--p 00001000 08:01 9966028    /usr/lib/i386-linux-gnu/libXdamage.so.1.1.0
b6ec3000-b6ec4000 rw-p 00002000 08:01 9966028    /usr/lib/i386-linux-gnu/libXdamage.so.1.1.0
b6ec4000-b6ec6000 r-xp 00000000 08:01 9966024    /usr/lib/i386-linux-gnu/libXcomposite.so.1.0.0
b6ec6000-b6ec7000 r--p 00001000 08:01 9966024    /usr/lib/i386-linux-gnu/libXcomposite.so.1.0.0
b6ec7000-b6ec8000 rw-p 00002000 08:01 9966024    /usr/lib/i386-linux-gnu/libXcomposite.so.1.0.0
b6ec8000-b6ed1000 r-xp 00000000 08:01 9966026    /usr/lib/i386-linux-gnu/libXcursor.so.1.0.2
b6ed1000-b6ed2000 r--p 00008000 08:01 9966026    /usr/lib/i386-linux-gnu/libXcursor.so.1.0.2
b6ed2000-b6ed3000 rw-p 00009000 08:01 9966026    /usr/lib/i386-linux-gnu/libXcursor.so.1.0.2
b6ed3000-b6eda000 r-xp 00000000 08:01 9966050    /usr/lib/i386-linux-gnu/libXrandr.so.2.2.0
b6eda000-b6edb000 r--p 00006000 08:01 9966050    /usr/lib/i386-linux-gnu/libXrandr.so.2.2.0
b6edb000-b6edc000 rw-p 00007000 08:01 9966050    /usr/lib/i386-linux-gnu/libXrandr.so.2.2.0
b6edc000-b6eea000 r-xp 00000000 08:01 9966038    /usr/lib/i386-linux-gnu/libXi.so.6.1.0
b6eea000-b6eeb000 r--p 0000d000 08:01 9966038    /usr/lib/i386-linux-gnu/libXi.so.6.1.0
b6eeb000-b6eec000 rw-p 0000e000 08:01 9966038    /usr/lib/i386-linux-gnu/libXi.so.6.1.0
b6eec000-b6eee000 r-xp 00000000 08:01 9966040    /usr/lib/i386-linux-gnu/libXinerama.so.1.0.0
b6eee000-b6eef000 r--p 00001000 08:01 9966040    /usr/lib/i386-linux-gnu/libXinerama.so.1.0.0
b6eef000-b6ef0000 rw-p 00002000 08:01 9966040    /usr/lib/i386-linux-gnu/libXinerama.so.1.0.0
b6ef0000-b6ef8000 r-xp 00000000 08:01 9966054    /usr/lib/i386-linux-gnu/libXrender.so.1.3.0
b6ef8000-b6ef9000 r--p 00007000 08:01 9966054    /usr/lib/i386-linux-gnu/libXrender.so.1.3.0
b6ef9000-b6efa000 rw-p 00008000 08:01 9966054    /usr/lib/i386-linux-gnu/libXrender.so.1.3.0
b6efa000-b6f0a000 r-xp 00000000 08:01 9966032    /usr/lib/i386-linux-gnu/libXext.so.6.4.0
b6f0a000-b6f0b000 r--p 0000f000 08:01 9966032    /usr/lib/i386-linux-gnu/libXext.so.6.4.0
b6f0b000-b6f0c000 rw-p 00010000 08:01 9966032    /usr/lib/i386-linux-gnu/libXext.so.6.4.0
b6f0c000-b6f3e000 r-xp 00000000 08:01 9966214    /usr/lib/i386-linux-gnu/libfontconfig.so.1.4.4
b6f3e000-b6f3f000 r--p 00032000 08:01 9966214    /usr/lib/i386-linux-gnu/libfontconfig.so.1.4.4
b6f3f000-b6f40000 rw-p 00033000 08:01 9966214    /usr/lib/i386-linux-gnu/libfontconfig.so.1.4.4
b6f40000-b7093000 r-xp 00000000 08:01 9966255    /usr/lib/i386-linux-gnu/libgio-2.0.so.0.3200.3
b7093000-b7095000 r--p 00153000 08:01 9966255    /usr/lib/i386-linux-gnu/libgio-2.0.so.0.3200.3
b7095000-b7096000 rw-p 00155000 08:01 9966255    /usr/lib/i386-linux-gnu/libgio-2.0.so.0.3200.3
b7096000-b7097000 rw-p 00000000 00:00 0 
b7097000-b70b6000 r-xp 00000000 08:01 9966243    /usr/lib/i386-linux-gnu/libgdk_pixbuf-2.0.so.0.2600.1
b70b6000-b70b7000 r--p 0001e000 08:01 9966243    /usr/lib/i386-linux-gnu/libgdk_pixbuf-2.0.so.0.2600.1
b70b7000-b70b8000 rw-p 0001f000 08:01 9966243    /usr/lib/i386-linux-gnu/libgdk_pixbuf-2.0.so.0.2600.1
b70b8000-b70ff000 r-xp 00000000 08:01 9966457    /usr/lib/i386-linux-gnu/libpango-1.0.so.0.3000.0
b70ff000-b7100000 ---p 00047000 08:01 9966457    /usr/lib/i386-linux-gnu/libpango-1.0.so.0.3000.0
b7100000-b7101000 r--p 00047000 08:01 9966457    /usr/lib/i386-linux-gnu/libpango-1.0.so.0.3000.0
b7101000-b7102000 rw-p 00048000 08:01 9966457    /usr/lib/i386-linux-gnu/libpango-1.0.so.0.3000.0
b7102000-b710d000 r-xp 00000000 08:01 9966459    /usr/lib/i386-linux-gnu/libpangocairo-1.0.so.0.3000.0
b710d000-b710e000 r--p 0000a000 08:01 9966459    /usr/lib/i386-linux-gnu/libpangocairo-1.0.so.0.3000.0
b710e000-b710f000 rw-p 0000b000 08:01 9966459    /usr/lib/i386-linux-gnu/libpangocairo-1.0.so.0.3000.0
b710f000-b71ba000 r-xp 00000000 08:01 9966241    /usr/lib/i386-linux-gnu/libgdk-x11-2.0.so.0.2400.10
b71ba000-b71bb000 ---p 000ab000 08:01 9966241    /usr/lib/i386-linux-gnu/libgdk-x11-2.0.so.0.2400.10
b71bb000-b71bd000 r--p 000ab000 08:01 9966241    /usr/lib/i386-linux-gnu/libgdk-x11-2.0.so.0.2400.10
b71bd000-b71be000 rw-p 000ad000 08:01 9966241    /usr/lib/i386-linux-gnu/libgdk-x11-2.0.so.0.2400.10
b71be000-b71c5000 r-xp 00000000 08:01 8127382    /lib/i386-linux-gnu/librt-2.15.so
b71c5000-b71c6000 r--p 00006000 08:01 8127382    /lib/i386-linux-gnu/librt-2.15.so
b71c6000-b71c7000 rw-p 00007000 08:01 8127382    /lib/i386-linux-gnu/librt-2.15.so
b71c7000-b7201000 r-xp 00000000 08:01 8127369    /lib/i386-linux-gnu/libpcre.so.3.12.1
b7201000-b7202000 r--p 00039000 08:01 8127369    /lib/i386-linux-gnu/libpcre.so.3.12.1
b7202000-b7203000 rw-p 0003a000 08:01 8127369    /lib/i386-linux-gnu/libpcre.so.3.12.1
b7203000-b7208000 r-xp 00000000 08:01 9966212    /usr/lib/i386-linux-gnu/libffi.so.6.0.0
b7208000-b7209000 r--p 00004000 08:01 9966212    /usr/lib/i386-linux-gnu/libffi.so.6.0.0
b7209000-b720a000 rw-p 00005000 08:01 9966212    /usr/lib/i386-linux-gnu/libffi.so.6.0.0
b720a000-b7301000 r-xp 00000000 08:01 8127321    /lib/i386-linux-gnu/libglib-2.0.so.0.3200.3
b7301000-b7302000 r--p 000f6000 08:01 8127321    /lib/i386-linux-gnu/libglib-2.0.so.0.3200.3
b7302000-b7303000 rw-p 000f7000 08:01 8127321    /lib/i386-linux-gnu/libglib-2.0.so.0.3200.3
b7303000-b7350000 r-xp 00000000 08:01 9966279    /usr/lib/i386-linux-gnu/libgobject-2.0.so.0.3200.3
b7350000-b7351000 r--p 0004c000 08:01 9966279    /usr/lib/i386-linux-gnu/libgobject-2.0.so.0.3200.3
b7351000-b7352000 rw-p 0004d000 08:01 9966279    /usr/lib/i386-linux-gnu/libgobject-2.0.so.0.3200.3
b7352000-b7353000 r--s 00006000 08:01 11172340   /usr/share/eclipse/plugins/org.eclipse.equinox.event_1.2.100.dist.jar
b7353000-b7354000 rw-p 00000000 00:00 0 
b7354000-b7355000 r--p 00000000 00:00 0 
b7355000-b7365000 r-xp 00000000 08:01 9964541    /usr/lib/liboverlay-scrollbar-0.2.so.0.0.16
b7365000-b7366000 r--p 0000f000 08:01 9964541    /usr/lib/liboverlay-scrollbar-0.2.so.0.0.16
b7366000-b7367000 rw-p 00010000 08:01 9964541    /usr/lib/liboverlay-scrollbar-0.2.so.0.0.16
b7367000-b7567000 r--p 00000000 08:01 9968652    /usr/lib/locale/locale-archive
b7567000-b7568000 rw-p 00000000 00:00 0 
b7568000-b770b000 r-xp 00000000 08:01 8127296    /lib/i386-linux-gnu/libc-2.15.so
b770b000-b770c000 ---p 001a3000 08:01 8127296    /lib/i386-linux-gnu/libc-2.15.so
b770c000-b770e000 r--p 001a3000 08:01 8127296    /lib/i386-linux-gnu/libc-2.15.so
b770e000-b770f000 rw-p 001a5000 08:01 8127296    /lib/i386-linux-gnu/libc-2.15.so
b770f000-b7713000 rw-p 00000000 00:00 0 
b7713000-b7716000 r-xp 00000000 08:01 8127309    /lib/i386-linux-gnu/libdl-2.15.so
b7716000-b7717000 r--p 00002000 08:01 8127309    /lib/i386-linux-gnu/libdl-2.15.so
b7717000-b7718000 rw-p 00003000 08:01 8127309    /lib/i386-linux-gnu/libdl-2.15.so
b7718000-b772f000 r-xp 00000000 08:01 8127376    /lib/i386-linux-gnu/libpthread-2.15.so
b772f000-b7730000 r--p 00016000 08:01 8127376    /lib/i386-linux-gnu/libpthread-2.15.so
b7730000-b7731000 rw-p 00017000 08:01 8127376    /lib/i386-linux-gnu/libpthread-2.15.so
b7731000-b7733000 rw-p 00000000 00:00 0 
b7733000-b7735000 r-xp 00000000 08:01 9966019    /usr/lib/i386-linux-gnu/libXau.so.6.0.0
b7735000-b7736000 r--p 00001000 08:01 9966019    /usr/lib/i386-linux-gnu/libXau.so.6.0.0
b7736000-b7737000 rw-p 00002000 08:01 9966019    /usr/lib/i386-linux-gnu/libXau.so.6.0.0
b7737000-b7745000 r-xp 00000000 08:01 11173000   /usr/lib/eclipse/plugins/org.eclipse.equinox.launcher.gtk.linux.x86_1.1.100.dist/eclipse_1408.so
b7745000-b7746000 r--p 0000d000 08:01 11173000   /usr/lib/eclipse/plugins/org.eclipse.equinox.launcher.gtk.linux.x86_1.1.100.dist/eclipse_1408.so
b7746000-b7747000 rw-p 0000e000 08:01 11173000   /usr/lib/eclipse/plugins/org.eclipse.equinox.launcher.gtk.linux.x86_1.1.100.dist/eclipse_1408.so
b7747000-b7748000 r--p 005e0000 08:01 9968652    /usr/lib/locale/locale-archive
b7748000-b774a000 rw-p 00000000 00:00 0 
b774a000-b774b000 r-xp 00000000 00:00 0          [vdso]
b774b000-b776b000 r-xp 00000000 08:01 8127276    /lib/i386-linux-gnu/ld-2.15.so
b776b000-b776c000 r--p 0001f000 08:01 8127276    /lib/i386-linux-gnu/ld-2.15.so
b776c000-b776d000 rw-p 00020000 08:01 8127276    /lib/i386-linux-gnu/ld-2.15.so
bfd14000-bfd17000 ---p 00000000 00:00 0 
bfd18000-bfd64000 rw-p 00000000 00:00 0          [stack]

VM Arguments:
jvm_args: -Xms40m -Xmx384m -Dorg.eclipse.equinox.p2.reconciler.dropins.directory=/usr/share/eclipse/dropins -XX:MaxPermSize=256m 
java_command: <unknown>
Launcher Type: generic

Environment Variables:
PATH=/home/tim/sdk/tools:/home/tim/sdk/platform-tools:/usr/lib/lightdm/lightdm:/usr/local/sbin:/usr/local/bin:/usr/sbin:/usr/bin:/sbin:/bin:/usr/games:/home/tim/sdk/tools:/home/tim/sdk/platform-tools
LD_LIBRARY_PATH=/usr/lib/jvm/java-6-openjdk-i386/jre/lib/i386/client:/usr/lib/jvm/java-6-openjdk-i386/jre/lib/i386:
SHELL=/bin/bash
DISPLAY=:0

Signal Handlers:
SIGSEGV: [libjvm.so+0x3e4760], sa_mask[0]=0x7ffbfeff, sa_flags=0x10000004
SIGBUS: [libjvm.so+0x3e4760], sa_mask[0]=0x7ffbfeff, sa_flags=0x10000004
SIGFPE: [libjvm.so+0x301730], sa_mask[0]=0x7ffbfeff, sa_flags=0x10000004
SIGPIPE: SIG_IGN, sa_mask[0]=0x00001000, sa_flags=0x10000000
SIGXFSZ: [libjvm.so+0x301730], sa_mask[0]=0x7ffbfeff, sa_flags=0x10000004
SIGILL: [libjvm.so+0x301730], sa_mask[0]=0x7ffbfeff, sa_flags=0x10000004
SIGUSR1: SIG_DFL, sa_mask[0]=0x00000000, sa_flags=0x00000000
SIGUSR2: [libjvm.so+0x3015c0], sa_mask[0]=0x00000000, sa_flags=0x10000004
SIGHUP: [libjvm.so+0x304660], sa_mask[0]=0x7ffbfeff, sa_flags=0x10000004
SIGINT: [libjvm.so+0x304660], sa_mask[0]=0x7ffbfeff, sa_flags=0x10000004
SIGTERM: [libjvm.so+0x304660], sa_mask[0]=0x7ffbfeff, sa_flags=0x10000004
SIGQUIT: [libjvm.so+0x304660], sa_mask[0]=0x7ffbfeff, sa_flags=0x10000004


---------------  S Y S T E M  ---------------

OS:Ubuntu 12.04 (precise)
uname:Linux 3.5.0-23-generic #35~precise1-Ubuntu SMP Fri Jan 25 17:15:33 UTC 2013 i686
libc:glibc 2.15 NPTL 2.15 
rlimit: STACK 8192k, CORE 0k, NPROC 32081, NOFILE 4096, AS infinity
load average:0.65 0.99 0.87

/proc/meminfo:
MemTotal:        4122236 kB
MemFree:          767100 kB
Buffers:          148372 kB
Cached:          2415016 kB
SwapCached:            0 kB
Active:          1669480 kB
Inactive:        1537024 kB
Active(anon):     697880 kB
Inactive(anon):   185000 kB
Active(file):     971600 kB
Inactive(file):  1352024 kB
Unevictable:          44 kB
Mlocked:              44 kB
HighTotal:       3271496 kB
HighFree:         435988 kB
LowTotal:         850740 kB
LowFree:          331112 kB
SwapTotal:             0 kB
SwapFree:              0 kB
Dirty:              1632 kB
Writeback:             0 kB
AnonPages:        643284 kB
Mapped:           188276 kB
Shmem:            239768 kB
Slab:             114724 kB
SReclaimable:      96404 kB
SUnreclaim:        18320 kB
KernelStack:        3456 kB
PageTables:        11076 kB
NFS_Unstable:          0 kB
Bounce:                0 kB
WritebackTmp:          0 kB
CommitLimit:     2061116 kB
Committed_AS:    3199264 kB
VmallocTotal:     122880 kB
VmallocUsed:       10688 kB
VmallocChunk:     111748 kB
HardwareCorrupted:     0 kB
AnonHugePages:         0 kB
HugePages_Total:       0
HugePages_Free:        0
HugePages_Rsvd:        0
HugePages_Surp:        0
Hugepagesize:       2048 kB
DirectMap4k:       10232 kB
DirectMap2M:      903168 kB


CPU:total 2 (2 cores per cpu, 1 threads per core) family 6 model 15 stepping 13, cmov, cx8, fxsr, mmx, sse, sse2, sse3, ssse3

Memory: 4k page, physical 4122236k(766976k free), swap 0k(0k free)

vm_info: OpenJDK Client VM (20.0-b12) for linux-x86 JRE (1.6.0_27-b27), built on Feb  8 2013 04:03:15 by "buildd" with gcc 4.6.3

time: Thu Feb 21 11:59:53 2013
elapsed time: 28 seconds

